📋 14 duplicate URL groups found

🗂️  Tandoori Snacks (6 items) → "tandoori grilled paneer"
   pulled 30 photos
   ✅ Masala Champ                             → photo #0
   ✅ Delhi Spl. Champ                         → photo #1
   ✅ Delhi Spl. Gravy Champ                   → photo #2
   ✅ Aachari Champ                            → photo #3
   ✅ Paneer Malai                             → photo #4
   ✅ Malai Champ                              → photo #5

🗂️  Burger (4 items) → "burger vegetarian"
   pulled 30 photos
   ✅ Crispy Chatpta Burger                    → photo #0
   ✅ Mexican Burger                           → photo #1
   ✅ Aloo Tikki Burger                        → photo #2
   ✅ Maharaja Burger                          → photo #3

🗂️  Indian Breads (3 items) → "naan roti indian bread"
   pulled 19 photos
   ✅ Pudina Prantha                           → photo #0
   ✅ Missi Roti                               → photo #1
   ✅ Laccha Prantha                           → photo #2

🗂️  Raita & Salad (2 items) → "raita salad indian"
   pulled 30 photos
   ✅ Mix Veg Raita                            → photo #0
   ✅ Boondi Raita                             → photo #1

🗂️  Sandwich & Garlic Bread (4 items) → "grilled sandwich garlic bread"
   pulled 30 photos
   ✅ Paneer Tikka Sandwich                    → photo #0
   ✅ Veg Corn Sandwich                        → photo #1
   ✅ Chilly Paneer Sandwich                   → photo #2
   ✅ Veg Grilled Sandwich                     → photo #3

🗂️  Chinese Snacks (8 items) → "indo chinese food"
   pulled 30 photos
   ✅ Paneer Hongkong                          → photo #0
   ✅ Paneer Singapuri                         → photo #1
   ✅ Manchurian Gravy                         → photo #2
   ✅ Cheese Corn Roll                         → photo #3
   ✅ Mushroom Duplex                          → photo #4
   ✅ Veg. Bullets                             → photo #5
   ✅ Manchurian Dry                           → photo #6
   ✅ Manchurian Hongkong                      → photo #7

🗂️  Indian Main Course (15 items) → "paneer curry indian"
   pulled 30 photos
   ✅ Paneer Khurchan                          → photo #0
   ✅ Rara Paneer                              → photo #1
   ✅ Makhani Paneer                           → photo #2
   ✅ Paneer Do Piaza                          → photo #3
   ✅ Shahi Paneer                             → photo #4
   ✅ Karahi Paneer                            → photo #5
   ✅ Malai Methi                              → photo #6
   ✅ Nav Ratan Korma                          → photo #7
   ✅ Palak Paneer                             → photo #8
   ✅ Delhi Spl. Paneer Begam Bar              → photo #9
   ✅ Mushroom Do Piaza                        → photo #10
   ✅ Dal Yellow                               → photo #11
   ✅ Paneer Lababdar                          → photo #12
   ✅ Malai Kofta                              → photo #13
   ✅ Handi Paneer                             → photo #14

🗂️  Mocktail (2 items) → "mocktail drink glass"
   pulled 30 photos
   ✅ Black Current Mojito                     → photo #0
   ✅ Thai Beach (Mocktail)                    → photo #1

🗂️  Pizza (2 items) → "pizza slice"
   pulled 30 photos
   ✅ Makhani Paneer Pizza                     → photo #0
   ✅ Achari Pizza                             → photo #1

🗂️  South Indian (3 items) → "dosa idli south indian"
   pulled 1 photos
   ✅ Paneer Uttapam                           → photo #0
   ✅ Vada Sambar                              → photo #1
   ✅ Idli Sambar                              → photo #2

🗂️  Ice Cream & Shakes (3 items) → "milkshake ice cream"
   pulled 30 photos
   ✅ Black Current Shakes                     → photo #0
   ✅ Butter Scotch Shakes                     → photo #1
   ✅ Kitkat Shakes                            → photo #2

🗂️  Ice Cream & Shakes (2 items) → "milkshake ice cream"
   ✅ Ice Cream (Premium)                      → photo #0
   ✅ Ice Cream (Regular)                      → photo #1

🗂️  Noodles (2 items) → "noodles stir fry"
   pulled 30 photos
   ✅ Hakka Noodles                            → photo #0
   ✅ Veg. Noodles Chopsuey                    → photo #1

🗂️  Chat & Snacks (2 items) → "indian chaat street food"
   pulled 30 photos
   ✅ Jaljeera (Extra 150ml)                   → photo #0
   ✅ Dahi Bhalle                              → photo #1

🎉 Diversify done. Updated 58 items.
