📋 60 items need fallbacks
🔍 Masala Champ                             [Tandoori Snacks] → "tandoori grilled paneer" ... ✅
🔍 Crispy Chatpta Burger                    [Burger] → "burger vegetarian" ... ✅
🔍 Pudina Prantha                           [Indian Breads] → "naan roti indian bread" ... ✅
🔍 Tandoori Momos                           [Momos] → "momos dumplings" ... ✅
🔍 Mix Veg Raita                            [Raita & Salad] → "raita salad indian" ... ✅
🔍 Paneer Tikka Sandwich                    [Sandwich & Garlic Bread] → "grilled sandwich garlic bread" ... ✅
🔍 Veg Corn Sandwich                        [Sandwich & Garlic Bread] → "grilled sandwich garlic bread" ... ✅
🔍 Paneer Hongkong                          [Chinese Snacks] → "indo chinese food" ... ✅
🔍 Chilly Paneer Sandwich                   [Sandwich & Garlic Bread] → "grilled sandwich garlic bread" ... ✅
🔍 Paneer Khurchan                          [Indian Main Course] → "paneer curry indian" ... ✅
🔍 Rara Paneer                              [Indian Main Course] → "paneer curry indian" ... ✅
🔍 Black Current Mojito                     [Mocktail] → "mocktail drink glass" ... ✅
🔍 Makhani Paneer Pizza                     [Pizza] → "pizza slice" ... ✅
🔍 Paneer Singapuri                         [Chinese Snacks] → "indo chinese food" ... ✅
🔍 Paneer Uttapam                           [South Indian] → "dosa idli south indian" ... ✅
🔍 Black Current Shakes                     [Ice Cream & Shakes] → "milkshake ice cream" ... ✅
🔍 Makhani Paneer                           [Indian Main Course] → "paneer curry indian" ... ✅
🔍 Paneer Do Piaza                          [Indian Main Course] → "paneer curry indian" ... ✅
🔍 Veg Grilled Sandwich                     [Sandwich & Garlic Bread] → "grilled sandwich garlic bread" ... ✅
🔍 Delhi Spl. Champ                         [Tandoori Snacks] → "tandoori grilled paneer" ... ✅
🔍 Hakka Noodles                            [Noodles] → "noodles stir fry" ... ✅
🔍 Boondi Raita                             [Raita & Salad] → "raita salad indian" ... ✅
🔍 Mutter Pullao                            [Biryani & Rice] → "biryani rice indian" ... ✅
🔍 Thai Beach (Mocktail)                    [Mocktail] → "mocktail drink glass" ... ✅
🔍 Mexican Burger                           [Burger] → "burger vegetarian" ... ✅
🔍 Manchurian Gravy                         [Chinese Snacks] → "indo chinese food" ... ✅
🔍 Delhi Spl. Gravy Champ                   [Tandoori Snacks] → "tandoori grilled paneer" ... ✅
🔍 Veg. Noodles Chopsuey                    [Noodles] → "noodles stir fry" ... ✅
🔍 Shahi Paneer                             [Indian Main Course] → "paneer curry indian" ... ✅
🔍 Achari Pizza                             [Pizza] → "pizza slice" ... ✅
🔍 Karahi Paneer                            [Indian Main Course] → "paneer curry indian" ... ✅
🔍 Red Sauce Juicy Pasta                    [Pasta] → "pasta italian" ... ✅
🔍 Malai Methi                              [Indian Main Course] → "paneer curry indian" ... ✅
🔍 Nav Ratan Korma                          [Indian Main Course] → "paneer curry indian" ... ✅
🔍 Missi Roti                               [Indian Breads] → "naan roti indian bread" ... ✅
🔍 Jaljeera (Extra 150ml)                   [Chat & Snacks] → "indian chaat street food" ... ✅
🔍 Palak Paneer                             [Indian Main Course] → "paneer curry indian" ... ✅
🔍 Cheese Corn Roll                         [Chinese Snacks] → "indo chinese food" ... ✅
🔍 Mushroom Duplex                          [Chinese Snacks] → "indo chinese food" ... ✅
🔍 Delhi Spl. Paneer Begam Bar              [Indian Main Course] → "paneer curry indian" ... ✅
🔍 Veg. Sweet Corn Soup                     [Soups] → "soup bowl hot" ... ✅
🔍 Vada Sambar                              [South Indian] → "dosa idli south indian" ... ✅
🔍 Veg. Bullets                             [Chinese Snacks] → "indo chinese food" ... ✅
🔍 Manchurian Dry                           [Chinese Snacks] → "indo chinese food" ... ✅
🔍 Manchurian Hongkong                      [Chinese Snacks] → "indo chinese food" ... ✅
🔍 Aachari Champ                            [Tandoori Snacks] → "tandoori grilled paneer" ... ✅
🔍 Aloo Tikki Burger                        [Burger] → "burger vegetarian" ... ✅
🔍 Idli Sambar                              [South Indian] → "dosa idli south indian" ... ✅
🔍 Paneer Malai                             [Tandoori Snacks] → "tandoori grilled paneer" ... ✅
🔍 Mushroom Do Piaza                        [Indian Main Course] → "paneer curry indian" ... ✅
🔍 Maharaja Burger                          [Burger] → "burger vegetarian" ... ✅
🔍 Laccha Prantha                           [Indian Breads] → "naan roti indian bread" ... ✅
🔍 Butter Scotch Shakes                     [Ice Cream & Shakes] → "milkshake ice cream" ... ✅
🔍 Dal Yellow                               [Indian Main Course] → "paneer curry indian" ... ✅
🔍 Paneer Lababdar                          [Indian Main Course] → "paneer curry indian" ... ✅
🔍 Malai Champ                              [Tandoori Snacks] → "tandoori grilled paneer" ... ✅
🔍 Dahi Bhalle                              [Chat & Snacks] → "indian chaat street food" ... ✅
🔍 Malai Kofta                              [Indian Main Course] → "paneer curry indian" ... ✅
🔍 Handi Paneer                             [Indian Main Course] → "paneer curry indian" ... ✅
🔍 Kitkat Shakes                            [Ice Cream & Shakes] → "milkshake ice cream" ... ✅

🎉 Fallback done. Updated 60 items.
