📋 Found 185 menu items
🔍 Masala Champ                             → "Masala Champ indian food" ... ❌ no result
🔍 Mushroom Tikka                           → "Mushroom Tikka indian food" ... ✅
🔍 Veg Biryani Gravy                        → "vegetable Biryani Gravy indian food" ... ✅
🔍 Makhani Burger                           → "Makhani Burger indian food" ... ❌ no result
🔍 Chatpata Cream Golgappa                  → "Chatpata Cream Golgappa indian food" ... 💥 fetch failed
🔍 Double Cheese Pizza                      → "Double Cheese Pizza indian food" ... ✅
🔍 Sweet Corn Pizza                         → "Sweet Corn Pizza indian food" ... ✅
🔍 Crispy Chatpta Burger                    → "Crispy Chatpta Burger indian food" ... ❌ no result
🔍 Pudina Prantha                           → "Pudina Prantha indian food" ... ❌ no result
🔍 Onion Rava Dosa                          → "Onion Rava Dosa indian food" ... ✅
🔍 Tandoori Momos                           → "Tandoori Momos indian food" ... ❌ no result
🔍 Fried Momos                              → "Fried Momos indian food" ... ✅
🔍 Peach Mojito                             → "Peach Mojito indian food" ... ✅
🔍 Mix Veg Raita                            → "Mix vegetable Raita indian food" ... ❌ no result
🔍 Paneer Tikka Sandwich                    → "Paneer Tikka Sandwich indian food" ... ❌ no result
🔍 Blue Sky (Mocktail)                      → "Blue Sky indian food" ... ✅
🔍 Kalimirch Champ                          → "Kalimirch Champ indian food" ... ✅
🔍 Veg Corn Sandwich                        → "vegetable Corn Sandwich indian food" ... ❌ no result
🔍 Plain Roti                               → "Plain Roti indian food" ... ✅
🔍 Paneer Tikka Wrap                        → "Paneer Tikka Wrap indian food" ... ✅
🔍 Cheese Chilly Fried Rice                 → "Cheese Chilly Fried Rice indian food" ... ✅
🔍 Spl. White Sauce Pasta                   → "special White Sauce Pasta indian food" ... ✅
🔍 Paneer Hongkong                          → "Paneer Hongkong indian food" ... ❌ no result
🔍 Masala Uttapam                           → "Masala Uttapam indian food" ... ✅
🔍 Chilly Paneer Sandwich                   → "Chilly Paneer Sandwich indian food" ... ❌ no result
🔍 Spring Roll (Noodles)                    → "Spring Roll indian food" ... ✅
🔍 Stuff Golgappa (Dahi Wala)               → "Stuff Golgappa indian food" ... ✅
🔍 Paneer Khurchan                          → "Paneer Khurchan indian food" ... ❌ no result
🔍 Rara Paneer                              → "Rara Paneer indian food" ... ❌ no result
🔍 Spl. Red Sauce Juicy Pasta               → "special Red Sauce Juicy Pasta indian food" ... ✅
🔍 Mix Vegetable                            → "Mix Vegetable indian food" ... ✅
🔍 Black Current Mojito                     → "Black Current Mojito indian food" ... ❌ no result
🔍 Makhani Paneer Pizza                     → "Makhani Paneer Pizza indian food" ... ❌ no result
🔍 Paneer Singapuri                         → "Paneer Singapuri indian food" ... ❌ no result
🔍 Green Tea                                → "Green Tea indian food" ... ✅
🔍 Paneer Uttapam                           → "Paneer Uttapam indian food" ... ❌ no result
🔍 Black Current Shakes                     → "Black Current Shakes indian food" ... ❌ no result
🔍 Mint Haryali Champ                       → "Mint Haryali Champ indian food" ... ✅
🔍 Cheese Chilli Gravy                      → "Cheese Chilli Gravy indian food" ... ✅
🔍 Mix Sauce Pasta                          → "Mix Sauce Pasta indian food" ... ✅
🔍 Makhani Paneer                           → "Makhani Paneer indian food" ... ❌ no result
🔍 Paneer Do Piaza                          → "Paneer Do Piaza indian food" ... ❌ no result
🔍 Ice Cream (Premium)                      → "Ice Cream indian food" ... ✅
🔍 French Fries with Cheese                 → "French Fries with Cheese indian food" ... ✅
🔍 Naan                                     → "Naan indian food" ... ✅
🔍 Paneer Butter Masala                     → "Paneer Butter Masala indian food" ... ✅
🔍 Veg Grilled Sandwich                     → "vegetable Grilled Sandwich indian food" ... ❌ no result
🔍 Chana Masala                             → "Chana Masala indian food" ... ✅
🔍 Tandoori Sandwich                        → "Tandoori Sandwich indian food" ... ✅
🔍 Spanish Noodles                          → "Spanish Noodles indian food" ... ✅
🔍 Plain Dosa                               → "Plain Dosa indian food" ... ✅
🔍 Mojito (Mocktail)                        → "Mojito indian food" ... ✅
🔍 Delhi Spl. Champ                         → "Delhi special Champ indian food" ... ❌ no result
🔍 Special Noodles                          → "Special Noodles indian food" ... ✅
🔍 Packed Water                             → "Packed Water indian food" ... ✅
🔍 Hakka Noodles                            → "Hakka Noodles indian food" ... ❌ no result
🔍 Boondi Raita                             → "Boondi Raita indian food" ... ❌ no result
🔍 Veg. Manchow Soup                        → "vegetable Manchow Soup indian food" ... ✅
🔍 Spicy Paneer Garlic Bread                → "Spicy Paneer Garlic Bread indian food" ... ✅
🔍 Chatpata Suka Golgappa                   → "Chatpata Suka Golgappa indian food" ... ✅
🔍 Mutter Pullao                            → "Mutter Pullao indian food" ... ❌ no result
🔍 Thai Beach (Mocktail)                    → "Thai Beach indian food" ... ❌ no result
🔍 Mexican Burger                           → "Mexican Burger indian food" ... ❌ no result
🔍 Orio Shakes                              → "Orio Shakes indian food" ... ✅
🔍 Jungle Bird (Mocktail)                   → "Jungle Bird indian food" ... ✅
🔍 Mexican Pizza                            → "Mexican Pizza indian food" ... ✅
🔍 Veg. Biryani                             → "vegetable Biryani indian food" ... ✅
🔍 Cheese Slice Burger                      → "Cheese Slice Burger indian food" ... ✅
🔍 Manchurian Gravy                         → "Manchurian Gravy indian food" ... ❌ no result
🔍 Cheese Naan                              → "Cheese Naan indian food" ... ✅
🔍 Noodle Burger                            → "Noodle Burger indian food" ... ✅
🔍 Masala Tea                               → "Masala Tea indian food" ... ✅
🔍 Stuffed Mushroom Garlic Bread            → "Stuffed Mushroom Garlic Bread indian food" ... ✅
🔍 Cold Coffee                              → "Cold Coffee indian food" ... ✅
🔍 Cheese Manchurian                        → "Cheese Manchurian indian food" ... ✅
🔍 Delhi Spl. Gravy Champ                   → "Delhi special Gravy Champ indian food" ... ❌ no result
🔍 Veg. Noodles Chopsuey                    → "vegetable Noodles Chopsuey indian food" ... ❌ no result
🔍 Red/Green Chilli Prantha                 → "Red/Green Chilli Prantha indian food" ... ✅
🔍 Honey Chilli Potato                      → "Honey Chilli Potato indian food" ... ✅
🔍 Veg. Singapuri Noodles                   → "vegetable Singapuri Noodles indian food" ... ✅
🔍 Veg. Dosa                                → "vegetable Dosa indian food" ... ✅
🔍 Shahi Paneer                             → "Shahi Paneer indian food" ... ❌ no result
🔍 Mango Shakes                             → "Mango Shakes indian food" ... ✅
🔍 Paneer Tikka                             → "Paneer Tikka indian food" ... ✅
🔍 Mushroom Malai Tikka                     → "Mushroom Malai Tikka indian food" ... ✅
🔍 Mushroom Chilli Dry                      → "Mushroom Chilli Dry indian food" ... ✅
🔍 Achari Pizza                             → "Achari Pizza indian food" ... ❌ no result
🔍 Mix Veg Pizza                            → "Mix vegetable Pizza indian food" ... ✅
🔍 Paneer Pasanda Masala                    → "Paneer Pasanda Masala indian food" ... ✅
🔍 Karahi Paneer                            → "Karahi Paneer indian food" ... ❌ no result
🔍 Spl. Dosa                                → "special Dosa indian food" ... ✅
🔍 Red Sauce Juicy Pasta                    → "Red Sauce Juicy Pasta indian food" ... ❌ no result
🔍 Masala Rava Dosa                         → "Masala Rava Dosa indian food" ... ✅
🔍 Spicy Garlic Burger                      → "Spicy Garlic Burger indian food" ... ✅
🔍 Tandoori Pizza                           → "Tandoori Pizza indian food" ... ✅
🔍 Malai Methi                              → "Malai Methi indian food" ... ❌ no result
🔍 Nav Ratan Korma                          → "Nav Ratan Korma indian food" ... ❌ no result
🔍 Cheese Finger                            → "Cheese Finger indian food" ... ✅
🔍 Missi Roti                               → "Missi Roti indian food" ... ❌ no result
🔍 Crispy Veg.                              → "Crispy vegetable indian food" ... ✅
🔍 Jaljeera (Extra 150ml)                   → "Jaljeera indian food" ... ❌ no result
🔍 Onion Uttapam                            → "Onion Uttapam indian food" ... ✅
🔍 Veg. Chilli Garlic Noodles               → "vegetable Chilli Garlic Noodles indian food" ... ✅
🔍 Pineapple Raita                          → "Pineapple Raita indian food" ... ✅
🔍 Onion Dosa                               → "Onion Dosa indian food" ... ✅
🔍 Tandoori Burger                          → "Tandoori Burger indian food" ... ✅
🔍 Mushroom Mutter                          → "Mushroom Mutter indian food" ... ✅
🔍 Paneer Rava Dosa                         → "Paneer Rava Dosa indian food" ... ✅
🔍 Paneer Dosa                              → "Paneer Dosa indian food" ... ✅
🔍 Veg. Steam Momos                         → "vegetable Steam Momos indian food" ... ✅
🔍 Palak Paneer                             → "Palak Paneer indian food" ... ❌ no result
🔍 Cheese Chilli Dry                        → "Cheese Chilli Dry indian food" ... ✅
🔍 Cheese Corn Roll                         → "Cheese Corn Roll indian food" ... ❌ no result
🔍 Chilly Paneer Pizza                      → "Chilly Paneer Pizza indian food" ... ✅
🔍 French Fries Peri-Peri                   → "French Fries Peri-Peri indian food" ... ✅
🔍 Mushroom Duplex                          → "Mushroom Duplex indian food" ... ❌ no result
🔍 Delhi Spl. Paneer Begam Bar              → "Delhi special Paneer Begam Bar indian food" ... ❌ no result
🔍 Cheese Tomato                            → "Cheese Tomato indian food" ... ✅
🔍 White Sauce Pasta                        → "White Sauce Pasta indian food" ... ✅
🔍 Green Salad                              → "Green Salad indian food" ... ✅
🔍 Veg. Sweet Corn Soup                     → "vegetable Sweet Corn Soup indian food" ... ❌ no result
🔍 Mushroom Chilli Gravy                    → "Mushroom Chilli Gravy indian food" ... ✅
🔍 Veg Hot & Sour Soup                      → "vegetable Hot & Sour Soup indian food" ... ✅
🔍 French Fries Plain                       → "French Fries Plain indian food" ... ✅
🔍 Dahi Vada                                → "Dahi Vada indian food" ... ✅
🔍 Afgani Champ                             → "Afgani Champ indian food" ... ✅
🔍 Vada Sambar                              → "Vada Sambar indian food" ... ❌ no result
🔍 Veg. Bullets                             → "vegetable Bullets indian food" ... ❌ no result
🔍 Fresh Lime Soda                          → "Fresh Lime Soda indian food" ... ✅
🔍 Manchurian Dry                           → "Manchurian Dry indian food" ... ❌ no result
🔍 Manchurian Hongkong                      → "Manchurian Hongkong indian food" ... ❌ no result
🔍 Veggie Burger                            → "Veggie Burger indian food" ... ✅
🔍 Soft Drink                               → "Soft Drink indian food" ... ✅
🔍 Strawberry Shakes                        → "Strawberry Shakes indian food" ... ✅
🔍 Butter Masala Gravy Champ                → "Butter Masala Gravy Champ indian food" ... ✅
🔍 Aachari Champ                            → "Aachari Champ indian food" ... ❌ no result
🔍 Veg. Garlic Chilli Fried Rice            → "vegetable Garlic Chilli Fried Rice indian food" ... ✅
🔍 Sunsets (Mocktail)                       → "Sunsets indian food" ... ✅
🔍 Vanilla Shakes                           → "Vanilla Shakes indian food" ... ✅
🔍 Pav Bhaji                                → "Pav Bhaji indian food" ... ✅
🔍 Aloo Tikki Burger                        → "Aloo Tikki Burger indian food" ... ❌ no result
🔍 Idli Sambar                              → "Idli Sambar indian food" ... ❌ no result
🔍 Veg Wrap                                 → "vegetable Wrap indian food" ... ✅
🔍 Paneer Malai                             → "Paneer Malai indian food" ... ❌ no result
🔍 Mushroom Do Piaza                        → "Mushroom Do Piaza indian food" ... ❌ no result
🔍 Honey Chilly Cauliflower                 → "Honey Chilly Cauliflower indian food" ... ✅
🔍 Maharaja Burger                          → "Maharaja Burger indian food" ... ❌ no result
🔍 Manchurian with Fried Rice               → "Manchurian with Fried Rice indian food" ... ✅
🔍 Papad                                    → "Papad indian food" ... ✅
🔍 Butter Naan                              → "Butter Naan indian food" ... ✅
🔍 French Fries Smokey                      → "French Fries Smokey indian food" ... ✅
🔍 White Gravy Champ                        → "White Gravy Champ indian food" ... ✅
🔍 Margherita Pizza                         → "Margherita Pizza indian food" ... ✅
🔍 Chilli Garlic Potato                     → "Chilli Garlic Potato indian food" ... ✅
🔍 Laccha Prantha                           → "Laccha Prantha indian food" ... ❌ no result
🔍 Bhalla Papdi                             → "Bhalla Papdi indian food" ... ✅
🔍 Jeera Rice                               → "Jeera Rice indian food" ... ✅
🔍 Ice Cream (Regular)                      → "Ice Cream indian food" ... ✅
🔍 Butter Scotch Shakes                     → "Butter Scotch Shakes indian food" ... ❌ no result
🔍 Dal Makhani                              → "Dal Makhani indian food" ... ✅
🔍 Dal Yellow                               → "Dal Yellow indian food" ... ❌ no result
🔍 Mexican Sandwich                         → "Mexican Sandwich indian food" ... ✅
🔍 Veg. Fried Rice                          → "vegetable Fried Rice indian food" ... ✅
🔍 Paneer Lababdar                          → "Paneer Lababdar indian food" ... ❌ no result
🔍 Garlic Naan                              → "Garlic Naan indian food" ... ✅
🔍 Stuffed Garlic Bread                     → "Stuffed Garlic Bread indian food" ... ✅
🔍 Mix Veg Corn Pizza                       → "Mix vegetable Corn Pizza indian food" ... ✅
🔍 Dal Punjabi Tadka                        → "Dal Punjabi Tadka indian food" ... ✅
🔍 Paneer Kofta                             → "Paneer Kofta indian food" ... ✅
🔍 Spl. Biryani                             → "special Biryani indian food" ... ✅
🔍 Chilli Paneer Wrap                       → "Chilli Paneer Wrap indian food" ... ✅
🔍 Malai Champ                              → "Malai Champ indian food" ... ❌ no result
🔍 Masala Dosa                              → "Masala Dosa indian food" ... ✅
🔍 Chocolate Shakes                         → "Chocolate Shakes indian food" ... ✅
🔍 Cappuccino                               → "Cappuccino indian food" ... ✅
🔍 Dahi Bhalle                              → "Dahi Bhalle indian food" ... ❌ no result
🔍 Malai Kofta                              → "Malai Kofta indian food" ... ❌ no result
🔍 Veg. Noodles                             → "vegetable Noodles indian food" ... ✅
🔍 Butter Roti                              → "Butter Roti indian food" ... ✅
🔍 Americano                                → "Americano indian food" ... ✅
🔍 Cheese Bust Burger                       → "Cheese Bust Burger indian food" ... ✅
🔍 Snacks Champ (Dry)                       → "Snacks Champ indian food" ... ✅
🔍 Paneer Tikka Pizza                       → "Paneer Tikka Pizza indian food" ... ✅
🔍 Handi Paneer                             → "Handi Paneer indian food" ... ❌ no result
🔍 Kitkat Shakes                            → "Kitkat Shakes indian food" ... ❌ no result

🎉 Done. Updated: 123, Skipped (cached): 0, Failed: 62
